  % Total    % Received % Xferd  Average Speed   Time    Time     Time  Current
                                 Dload  Upload   Total   Spent    Left  Speed
  0     0    0     0    0     0      0      0 --:--:-- --:--:-- --:--:--     0*   Trying 18.216.61.88...
* TCP_NODELAY set
* Connected to ec2-18-216-61-88.us-east-2.compute.amazonaws.com (18.216.61.88) port 80 (#0)
> GET /accounts/login/ HTTP/1.1
> Host: ec2-18-216-61-88.us-east-2.compute.amazonaws.com
> User-Agent: curl/7.58.0
> Accept: */*
> 
< HTTP/1.1 200 OK
< Server: nginx/1.18.0 (Ubuntu)
< Date: Thu, 13 May 2021 01:21:50 GMT
< Content-Type: text/html; charset=utf-8
< Content-Length: 798
< Connection: keep-alive
< 
{ [798 bytes data]
100   798  100   798    0     0   3764      0 --:--:-- --:--:-- --:--:--  3781
* Connection #0 to host ec2-18-216-61-88.us-east-2.compute.amazonaws.com left intact
